<?xml version="1.0" encoding="UTF-8"?>
<!-- Generated by org.testng.reporters.JUnitReportReporter -->
<testsuite hostname="DESKTOP-0885IFF" failures="1" tests="3" name="CucumberOptions.TestNGTestRunner" time="81.590" errors="0" timestamp="2025-09-08T23:16:56 IST" skipped="0">
  <testcase classname="CucumberOptions.TestNGTestRunner" name="runScenario" time="29.086">
    <failure message="expected [No data] but found [Beetroot]" type="java.lang.AssertionError">
      <![CDATA[java.lang.AssertionError: expected [No data] but found [Beetroot]
at org.testng.Assert.fail(Assert.java:111)
at org.testng.Assert.failNotEquals(Assert.java:1578)
at org.testng.Assert.assertEqualsImpl(Assert.java:150)
at org.testng.Assert.assertEquals(Assert.java:132)
at org.testng.Assert.assertEquals(Assert.java:656)
at org.testng.Assert.assertEquals(Assert.java:666)
at stepDefinitions.OfferPageStepDefinition.validate_product_name_offers_page_matches_with_landing_page(OfferPageStepDefinition.java:64)
at ✽.Validate product name offers page matches with Landing Page(file:///C:/Users/ASUS/eclipse-workspace/CucumberFrameworkUI/src/test/java/features/searchProduct.feature:9)
]]>
    </failure>
  </testcase> <!-- runScenario -->
  <testcase classname="CucumberOptions.TestNGTestRunner" name="runScenario" time="29.009"/>
  <testcase classname="CucumberOptions.TestNGTestRunner" name="runScenario" time="23.495"/>
</testsuite> <!-- CucumberOptions.TestNGTestRunner -->
